<?xml version="1.0" encoding="UTF-8"?><testsuite errors="1" failures="0" name="The actor enters Cinemas Procinal." skipped="0" tests="1" time="23.48" timestamp="2018-11-22 12:37:12"><testcase name="Search Procinal and movie"><error message="org.openqa.selenium.support.ui.FluentWait.&lt;init&gt;(Ljava/lang/Object;Lorg/openqa/selenium/support/ui/Clock;Lorg/openqa/selenium/support/ui/Sleeper;)V" type="java.lang.NoSuchMethodError">org.openqa.selenium.support.ui.FluentWait.&lt;init&gt;(Ljava/lang/Object;Lorg/openqa/selenium/support/ui/Clock;Lorg/openqa/selenium/support/ui/Sleeper;)V</error><system-err>org.openqa.selenium.support.ui.FluentWait.&lt;init&gt;(Ljava/lang/Object;Lorg/openqa/selenium/support/ui/Clock;Lorg/openqa/selenium/support/ui/Sleeper;)V&#13;
co.com.procinal.certification.tasks.click.performAs(click.java:18)&#13;
co.com.procinal.certification.stepdefinitions.ProcinalStepsDefinitions.theActorEnterCity(ProcinalStepsDefinitions.java:36)&#13;
cucumber.runner.Runner.runPickle(Runner.java:80)&#13;
org.eclipse.jdt.internal.junit4.runner.JUnit4TestReference.run(JUnit4TestReference.java:86)&#13;
org.eclipse.jdt.internal.junit.runner.TestExecution.run(TestExecution.java:38)&#13;
org.eclipse.jdt.internal.junit.runner.RemoteTestRunner.runTests(RemoteTestRunner.java:538)&#13;
org.eclipse.jdt.internal.junit.runner.RemoteTestRunner.runTests(RemoteTestRunner.java:760)&#13;
org.eclipse.jdt.internal.junit.runner.RemoteTestRunner.run(RemoteTestRunner.java:460)&#13;
org.eclipse.jdt.internal.junit.runner.RemoteTestRunner.main(RemoteTestRunner.java:206)&#13;
</system-err></testcase></testsuite>