<?xml version="1.0" encoding="UTF-8"?><testsuite errors="0" failures="1" name="Buy Movie Ticket in Procinal" skipped="0" tests="1" time="37.23" timestamp="2018-11-22 12:38:22"><testcase name="Buy a movie ticket"><failure message="Expected enabled element was not enabled" type="net.thucydides.core.webdriver.exceptions.ElementShouldBeEnabledException">Expected enabled element was not enabled</failure><system-err>Expected enabled element was not enabled&#13;
com.procinal.certification.cinema.tasks.Check.performAs(Check.java:17)&#13;
com.procinal.certification.cinema.stepdefinitions.BuyMovieProcinalStepDefinition.sheChecksForADate(BuyMovieProcinalStepDefinition.java:41)&#13;
cucumber.runner.Runner.runPickle(Runner.java:80)&#13;
org.eclipse.jdt.internal.junit4.runner.JUnit4TestReference.run(JUnit4TestReference.java:86)&#13;
org.eclipse.jdt.internal.junit.runner.TestExecution.run(TestExecution.java:38)&#13;
org.eclipse.jdt.internal.junit.runner.RemoteTestRunner.runTests(RemoteTestRunner.java:538)&#13;
org.eclipse.jdt.internal.junit.runner.RemoteTestRunner.runTests(RemoteTestRunner.java:760)&#13;
org.eclipse.jdt.internal.junit.runner.RemoteTestRunner.run(RemoteTestRunner.java:460)&#13;
org.eclipse.jdt.internal.junit.runner.RemoteTestRunner.main(RemoteTestRunner.java:206)&#13;
</system-err></testcase></testsuite>