<?xml version="1.0" encoding="UTF-8"?><testsuite errors="1" failures="0" name="Join Hoteles.Com and perform a Login" skipped="0" tests="1" time="20.72" timestamp="2018-12-02 10:36:39"><testcase name="Login in Hoteles.com"><error type="java.lang.NullPointerException"/><system-err>null&#13;
com.hoteles.certifications.tasks.FillFields.performAs(FillFields.java:43)&#13;
com.hoteles.certifications.stepsdefinitions.JoinHotelesAndLoginStepsDefinitions.heMakeLoginAndCompleteTheFieldsWithTheDataUserAndPasswoord(JoinHotelesAndLoginStepsDefinitions.java:51)&#13;
cucumber.runner.Runner.runPickle(Runner.java:80)&#13;
org.eclipse.jdt.internal.junit4.runner.JUnit4TestReference.run(JUnit4TestReference.java:86)&#13;
org.eclipse.jdt.internal.junit.runner.TestExecution.run(TestExecution.java:38)&#13;
org.eclipse.jdt.internal.junit.runner.RemoteTestRunner.runTests(RemoteTestRunner.java:538)&#13;
org.eclipse.jdt.internal.junit.runner.RemoteTestRunner.runTests(RemoteTestRunner.java:760)&#13;
org.eclipse.jdt.internal.junit.runner.RemoteTestRunner.run(RemoteTestRunner.java:460)&#13;
org.eclipse.jdt.internal.junit.runner.RemoteTestRunner.main(RemoteTestRunner.java:206)&#13;
</system-err></testcase></testsuite>