<?xml version="1.0" encoding="UTF-8"?><testsuite errors="1" failures="0" name="Room reservation" skipped="0" tests="1" time="38.98" timestamp="2018-12-03 07:39:37"><testcase name="Reservation"><error message="The following error occurred: Expected enabled element was not enabled" type="net.thucydides.core.webdriver.exceptions.ElementShouldBeEnabledException">The following error occurred: Expected enabled element was not enabled</error><system-err>The following error occurred: Expected enabled element was not enabled&#13;
com.hoteles.certifications.tasks.OpenTheBrowser.performAs(OpenTheBrowser.java:32)&#13;
com.hoteles.certifications.stepsdefinitions.ReservationStepDefinition.setUp(ReservationStepDefinition.java:44)&#13;
cucumber.runner.UnskipableStep.executeStep(UnskipableStep.java:22)&#13;
cucumber.runner.Runner.runPickle(Runner.java:80)&#13;
org.eclipse.jdt.internal.junit4.runner.JUnit4TestReference.run(JUnit4TestReference.java:86)&#13;
org.eclipse.jdt.internal.junit.runner.TestExecution.run(TestExecution.java:38)&#13;
org.eclipse.jdt.internal.junit.runner.RemoteTestRunner.runTests(RemoteTestRunner.java:538)&#13;
org.eclipse.jdt.internal.junit.runner.RemoteTestRunner.runTests(RemoteTestRunner.java:760)&#13;
org.eclipse.jdt.internal.junit.runner.RemoteTestRunner.run(RemoteTestRunner.java:460)&#13;
org.eclipse.jdt.internal.junit.runner.RemoteTestRunner.main(RemoteTestRunner.java:206)&#13;
</system-err></testcase></testsuite>